<?xml version="1.0" encoding="UTF-8"?>
<!-- Generated by org.testng.reporters.JUnitReportReporter -->
<testsuite skipped="0" hostname="LAPTOP-2J0OK66A" name="SeleniumSmoke.Selenium.PrincipleTestSuite" tests="1" failures="0" timestamp="06 Aug 2020 06:41:43 GMT" time="30.738" errors="0">
  <testcase name="logintest" time="30.738" classname="SeleniumSmoke.Selenium.PrincipleTestSuite"/>
</testsuite> <!-- SeleniumSmoke.Selenium.PrincipleTestSuite -->
