<?xml version="1.0" encoding="UTF-8"?>
<!-- Generated by org.testng.reporters.JUnitReportReporter -->
<testsuite skipped="0" hostname="DESKTOP-5TPI0ON" name="SeleniumSmoke.Selenium.login" tests="1" failures="0" timestamp="05 Aug 2020 06:35:28 GMT" time="91.203" errors="0">
  <testcase name="login_funcationality" time="91.203" classname="SeleniumSmoke.Selenium.login"/>
</testsuite> <!-- SeleniumSmoke.Selenium.login -->
