<?xml version="1.0" encoding="UTF-8"?>
<!-- Generated by org.testng.reporters.JUnitReportReporter -->
<testsuite skipped="0" hostname="DESKTOP-5TPI0ON" name="SeleniumSmoke.Selenium.login_backup" tests="1" failures="0" timestamp="05 Aug 2020 15:48:03 GMT" time="32.863" errors="0">
  <testcase name="logintest" time="32.863" classname="SeleniumSmoke.Selenium.login_backup"/>
</testsuite> <!-- SeleniumSmoke.Selenium.login_backup -->
