<?xml version="1.0" encoding="UTF-8"?>
<!-- Generated by org.testng.reporters.JUnitReportReporter -->
<testsuite skipped="0" hostname="DESKTOP-5TPI0ON" name="SeleniumSmoke.Selenium.PrincipleTestSuite" tests="1" failures="0" timestamp="05 Aug 2020 16:00:51 GMT" time="35.006" errors="0">
  <testcase name="logintest" time="35.006" classname="SeleniumSmoke.Selenium.PrincipleTestSuite"/>
</testsuite> <!-- SeleniumSmoke.Selenium.PrincipleTestSuite -->
